Arguments: 
  C:\Program Files\nodejs\node.exe C:\Program Files (x86)\Yarn\bin\yarn.js add express

PATH: 
  C:\Program Files (x86)\InduSoft Web Studio v8.1\Bin\;C:\Program Files\Microsoft MPI\Bin\;C:\Program Files (x86)\Schneider Electric\EcoStruxure Machine SCADA Expert v8.1\Bin;C:\Program Files (x86)\InduSoft Web Studio v8.1\Bin;C:\WINDOWS\system32;C:\WINDOWS;C:\WINDOWS\System32\Wbem;C:\WINDOWS\System32\WindowsPowerShell\v1.0\;C:\WINDOWS\System32\OpenSSH\;C:\Program Files\1E\NomadBranch\;C:\Program Files (x86)\Windows Imaging\;C:\Program Files\Microsoft SQL Server\Client SDK\ODBC\130\Tools\Binn\;C:\Program Files (x86)\Microsoft SQL Server\140\Tools\Binn\;C:\Program Files\Microsoft SQL Server\140\Tools\Binn\;C:\Program Files\Microsoft SQL Server\140\DTS\Binn\;C:\Program Files (x86)\Microsoft SQL Server\150\DTS\Binn\;C:\Program Files\Git\cmd;C:\Program Files\Git\mingw64\bin;C:\Program Files\Git\usr\bin;D:\Bin\x86\;C:\Program Files (x86)\Common Files\Schneider Electric Shared\SSTA\;C:\Program Files (x86)\Common Files\Schneider Electric Shared\SRCSDK\;C:\Program Files (x86)\Windows Kits\8.1\Windows Performance Toolkit\;C:\Program Files\Microsoft SQL Server\110\Tools\Binn\;C:\Program Files (x86)\Microsoft SQL Server\140\DTS\Binn\;C:\Program Files (x86)\NVIDIA Corporation\PhysX\Common;C:\WINDOWS\system32;C:\WINDOWS;C:\WINDOWS\System32\Wbem;C:\WINDOWS\System32\WindowsPowerShell\v1.0\;C:\WINDOWS\System32\OpenSSH\;C:\ProgramData\chocolatey\bin;C:\Program Files\nodejs\;C:\Program Files (x86)\Yarn\bin\;C:\Users\sesa354266\AppData\Local\Microsoft\WindowsApps;C:\Users\sesa354266\AppData\Local\Programs\Microsoft VS Code\bin;C:\Users\sesa354266\AppData\Local\Box\Box Edit\;C:\Users\sesa354266\AppData\Roaming\npm;C:\Users\sesa354266\AppData\Local\Yarn\bin

Yarn version: 
  1.21.1

Node version: 
  13.5.0

Platform: 
  win32 x64

Trace: 
  Error: unable to get local issuer certificate
      at TLSSocket.onConnectSecure (_tls_wrap.js:1364:34)
      at TLSSocket.emit (events.js:305:20)
      at TLSSocket._finishInit (_tls_wrap.js:825:8)
      at TLSWrap.ssl.onhandshakedone (_tls_wrap.js:621:12)

npm manifest: 
  {
    "name": "backend",
    "version": "1.0.0",
    "main": "index.js",
    "license": "MIT"
  }

yarn manifest: 
  No manifest

Lockfile: 
  No lockfile
